<?xml version="1.0" encoding="UTF-8" ?>
<testsuite tests="5" failures="2" name="nl.rsvier.icaras.dao.relatiebeheer.PersoonDaoHibernateTest" time="0.82" errors="0" skipped="0">
  <properties>
[...]
</properties>
  <testcase classname="nl.rsvier.icaras.dao.relatiebeheer.PersoonDaoHibernateTest" name="testGetAllPersonen" time="0.05">
    <failure type="java.lang.AssertionError">java.lang.AssertionError
	at org.junit.Assert.fail(Assert.java:86)
	at org.junit.Assert.assertTrue(Assert.java:41)
	at org.junit.Assert.assertTrue(Assert.java:52)
	at nl.rsvier.icaras.dao.relatiebeheer.PersoonDaoHibernateTest.testGetAllPersonen(PersoonDaoHibernateTest.java:171)
	at sun.reflect.NativeMethodAccessorImpl.invoke0(Native Method)
	at sun.reflect.NativeMethodAccessorImpl.invoke(NativeMethodAccessorImpl.java:62)
	at sun.reflect.DelegatingMethodAccessorImpl.invoke(DelegatingMethodAccessorImpl.java:43)
	at java.lang.reflect.Method.invoke(Method.java:483)
	at org.junit.runners.model.FrameworkMethod$1.runReflectiveCall(FrameworkMethod.java:47)
	at org.junit.internal.runners.model.ReflectiveCallable.run(ReflectiveCallable.java:12)
	at org.junit.runners.model.FrameworkMethod.invokeExplosively(FrameworkMethod.java:44)
	at org.junit.internal.runners.statements.InvokeMethod.evaluate(InvokeMethod.java:17)
	at org.junit.internal.runners.statements.RunBefores.evaluate(RunBefores.java:26)
	at org.springframework.test.context.junit4.statements.RunBeforeTestMethodCallbacks.evaluate(RunBeforeTestMethodCallbacks.java:74)
	at org.springframework.test.context.junit4.statements.RunAfterTestMethodCallbacks.evaluate(RunAfterTestMethodCallbacks.java:83)
	at org.springframework.test.context.junit4.statements.SpringRepeat.evaluate(SpringRepeat.java:72)
	at org.springframework.test.context.junit4.SpringJUnit4ClassRunner.runChild(SpringJUnit4ClassRunner.java:233)
	at org.springframework.test.context.junit4.SpringJUnit4ClassRunner.runChild(SpringJUnit4ClassRunner.java:87)
	at org.junit.runners.ParentRunner$3.run(ParentRunner.java:238)
	at org.junit.runners.ParentRunner$1.schedule(ParentRunner.java:63)
	at org.junit.runners.ParentRunner.runChildren(ParentRunner.java:236)
	at org.junit.runners.ParentRunner.access$000(ParentRunner.java:53)
	at org.junit.runners.ParentRunner$2.evaluate(ParentRunner.java:229)
	at org.springframework.test.context.junit4.statements.RunBeforeTestClassCallbacks.evaluate(RunBeforeTestClassCallbacks.java:61)
	at org.springframework.test.context.junit4.statements.RunAfterTestClassCallbacks.evaluate(RunAfterTestClassCallbacks.java:71)
	at org.junit.runners.ParentRunner.run(ParentRunner.java:309)
	at org.springframework.test.context.junit4.SpringJUnit4ClassRunner.run(SpringJUnit4ClassRunner.java:176)
	at org.apache.maven.surefire.junit4.JUnit4Provider.execute(JUnit4Provider.java:252)
	at org.apache.maven.surefire.junit4.JUnit4Provider.executeTestSet(JUnit4Provider.java:141)
	at org.apache.maven.surefire.junit4.JUnit4Provider.invoke(JUnit4Provider.java:112)
	at sun.reflect.NativeMethodAccessorImpl.invoke0(Native Method)
	at sun.reflect.NativeMethodAccessorImpl.invoke(NativeMethodAccessorImpl.java:62)
	at sun.reflect.DelegatingMethodAccessorImpl.invoke(DelegatingMethodAccessorImpl.java:43)
	at java.lang.reflect.Method.invoke(Method.java:483)
	at org.apache.maven.surefire.util.ReflectionUtils.invokeMethodWithArray(ReflectionUtils.java:189)
	at org.apache.maven.surefire.booter.ProviderFactory$ProviderProxy.invoke(ProviderFactory.java:165)
	at org.apache.maven.surefire.booter.ProviderFactory.invokeProvider(ProviderFactory.java:85)
	at org.apache.maven.surefire.booter.ForkedBooter.runSuitesInProcess(ForkedBooter.java:115)
	at org.apache.maven.surefire.booter.ForkedBooter.main(ForkedBooter.java:75)
</failure>
    <system-out>15:13:40,759  INFO main transaction.TransactionalTestExecutionListener:276 - Began transaction (1) for test context [DefaultTestContext@517a2b0 testClass = PersoonDaoHibernateTest, testInstance = nl.rsvier.icaras.dao.relatiebeheer.PersoonDaoHibernateTest@53b7ce6, testMethod = testGetAllPersonen@PersoonDaoHibernateTest, testException = [null], mergedContextConfiguration = [MergedContextConfiguration@36480b2d testClass = PersoonDaoHibernateTest, locations = &apos;{classpath:icarastestdb-context.xml}&apos;, classes = &apos;{}&apos;, contextInitializerClasses = &apos;[]&apos;, activeProfiles = &apos;{}&apos;, contextLoader = &apos;org.springframework.test.context.support.DelegatingSmartContextLoader&apos;, parent = [null]]]; transaction manager [org.springframework.orm.hibernate4.HibernateTransactionManager@68b58644]; rollback [true]
Hibernate: insert into Relatie (gearchiveerd, opmerking, priveRelatie) values (?, ?, ?)
Hibernate: select last_insert_id()
Hibernate: insert into Persoon (achternaam, geboortedatum, tussenvoegsels, voornaam, relatie_Id) values (?, ?, ?, ?, ?)
Hibernate: insert into Relatie (gearchiveerd, opmerking, priveRelatie) values (?, ?, ?)
Hibernate: select last_insert_id()
Hibernate: insert into Persoon (achternaam, geboortedatum, tussenvoegsels, voornaam, relatie_Id) values (?, ?, ?, ?, ?)
Hibernate: select persoon0_.relatie_Id as id1_21_0_, persoon0_1_.gearchiveerd as gearchiv2_21_0_, persoon0_1_.opmerking as opmerkin3_21_0_, persoon0_1_.priveRelatie as priveRel4_21_0_, persoon0_.achternaam as achterna1_18_0_, persoon0_.geboortedatum as geboorte2_18_0_, persoon0_.tussenvoegsels as tussenvo3_18_0_, persoon0_.voornaam as voornaam4_18_0_ from Persoon persoon0_ inner join Relatie persoon0_1_ on persoon0_.relatie_Id=persoon0_1_.id where persoon0_.relatie_Id=?
Hibernate: select persoon0_.relatie_Id as id1_21_0_, persoon0_1_.gearchiveerd as gearchiv2_21_0_, persoon0_1_.opmerking as opmerkin3_21_0_, persoon0_1_.priveRelatie as priveRel4_21_0_, persoon0_.achternaam as achterna1_18_0_, persoon0_.geboortedatum as geboorte2_18_0_, persoon0_.tussenvoegsels as tussenvo3_18_0_, persoon0_.voornaam as voornaam4_18_0_ from Persoon persoon0_ inner join Relatie persoon0_1_ on persoon0_.relatie_Id=persoon0_1_.id where persoon0_.relatie_Id=?
Hibernate: select persoon0_.relatie_Id as id1_21_, persoon0_1_.gearchiveerd as gearchiv2_21_, persoon0_1_.opmerking as opmerkin3_21_, persoon0_1_.priveRelatie as priveRel4_21_, persoon0_.achternaam as achterna1_18_, persoon0_.geboortedatum as geboorte2_18_, persoon0_.tussenvoegsels as tussenvo3_18_, persoon0_.voornaam as voornaam4_18_ from Persoon persoon0_ inner join Relatie persoon0_1_ on persoon0_.relatie_Id=persoon0_1_.id
15:13:40,906  INFO main transaction.TransactionalTestExecutionListener:298 - Rolled back transaction after test execution for test context [DefaultTestContext@517a2b0 testClass = PersoonDaoHibernateTest, testInstance = nl.rsvier.icaras.dao.relatiebeheer.PersoonDaoHibernateTest@53b7ce6, testMethod = testGetAllPersonen@PersoonDaoHibernateTest, testException = java.lang.AssertionError, mergedContextConfiguration = [MergedContextConfiguration@36480b2d testClass = PersoonDaoHibernateTest, locations = &apos;{classpath:icarastestdb-context.xml}&apos;, classes = &apos;{}&apos;, contextInitializerClasses = &apos;[]&apos;, activeProfiles = &apos;{}&apos;, contextLoader = &apos;org.springframework.test.context.support.DelegatingSmartContextLoader&apos;, parent = [null]]]
</system-out>
  </testcase>
  <testcase classname="nl.rsvier.icaras.dao.relatiebeheer.PersoonDaoHibernateTest" name="testGetAllPersonenByQuery" time="0.07">
    <failure type="java.lang.AssertionError">java.lang.AssertionError
	at org.junit.Assert.fail(Assert.java:86)
	at org.junit.Assert.assertTrue(Assert.java:41)
	at org.junit.Assert.assertTrue(Assert.java:52)
	at nl.rsvier.icaras.dao.relatiebeheer.PersoonDaoHibernateTest.testGetAllPersonenByQuery(PersoonDaoHibernateTest.java:190)
	at sun.reflect.NativeMethodAccessorImpl.invoke0(Native Method)
	at sun.reflect.NativeMethodAccessorImpl.invoke(NativeMethodAccessorImpl.java:62)
	at sun.reflect.DelegatingMethodAccessorImpl.invoke(DelegatingMethodAccessorImpl.java:43)
	at java.lang.reflect.Method.invoke(Method.java:483)
	at org.junit.runners.model.FrameworkMethod$1.runReflectiveCall(FrameworkMethod.java:47)
	at org.junit.internal.runners.model.ReflectiveCallable.run(ReflectiveCallable.java:12)
	at org.junit.runners.model.FrameworkMethod.invokeExplosively(FrameworkMethod.java:44)
	at org.junit.internal.runners.statements.InvokeMethod.evaluate(InvokeMethod.java:17)
	at org.junit.internal.runners.statements.RunBefores.evaluate(RunBefores.java:26)
	at org.springframework.test.context.junit4.statements.RunBeforeTestMethodCallbacks.evaluate(RunBeforeTestMethodCallbacks.java:74)
	at org.springframework.test.context.junit4.statements.RunAfterTestMethodCallbacks.evaluate(RunAfterTestMethodCallbacks.java:83)
	at org.springframework.test.context.junit4.statements.SpringRepeat.evaluate(SpringRepeat.java:72)
	at org.springframework.test.context.junit4.SpringJUnit4ClassRunner.runChild(SpringJUnit4ClassRunner.java:233)
	at org.springframework.test.context.junit4.SpringJUnit4ClassRunner.runChild(SpringJUnit4ClassRunner.java:87)
	at org.junit.runners.ParentRunner$3.run(ParentRunner.java:238)
	at org.junit.runners.ParentRunner$1.schedule(ParentRunner.java:63)
	at org.junit.runners.ParentRunner.runChildren(ParentRunner.java:236)
	at org.junit.runners.ParentRunner.access$000(ParentRunner.java:53)
	at org.junit.runners.ParentRunner$2.evaluate(ParentRunner.java:229)
	at org.springframework.test.context.junit4.statements.RunBeforeTestClassCallbacks.evaluate(RunBeforeTestClassCallbacks.java:61)
	at org.springframework.test.context.junit4.statements.RunAfterTestClassCallbacks.evaluate(RunAfterTestClassCallbacks.java:71)
	at org.junit.runners.ParentRunner.run(ParentRunner.java:309)
	at org.springframework.test.context.junit4.SpringJUnit4ClassRunner.run(SpringJUnit4ClassRunner.java:176)
	at org.apache.maven.surefire.junit4.JUnit4Provider.execute(JUnit4Provider.java:252)
	at org.apache.maven.surefire.junit4.JUnit4Provider.executeTestSet(JUnit4Provider.java:141)
	at org.apache.maven.surefire.junit4.JUnit4Provider.invoke(JUnit4Provider.java:112)
	at sun.reflect.NativeMethodAccessorImpl.invoke0(Native Method)
	at sun.reflect.NativeMethodAccessorImpl.invoke(NativeMethodAccessorImpl.java:62)
	at sun.reflect.DelegatingMethodAccessorImpl.invoke(DelegatingMethodAccessorImpl.java:43)
	at java.lang.reflect.Method.invoke(Method.java:483)
	at org.apache.maven.surefire.util.ReflectionUtils.invokeMethodWithArray(ReflectionUtils.java:189)
	at org.apache.maven.surefire.booter.ProviderFactory$ProviderProxy.invoke(ProviderFactory.java:165)
	at org.apache.maven.surefire.booter.ProviderFactory.invokeProvider(ProviderFactory.java:85)
	at org.apache.maven.surefire.booter.ForkedBooter.runSuitesInProcess(ForkedBooter.java:115)
	at org.apache.maven.surefire.booter.ForkedBooter.main(ForkedBooter.java:75)
</failure>
    <system-out>15:13:40,926  INFO main transaction.TransactionalTestExecutionListener:276 - Began transaction (2) for test context [DefaultTestContext@517a2b0 testClass = PersoonDaoHibernateTest, testInstance = nl.rsvier.icaras.dao.relatiebeheer.PersoonDaoHibernateTest@127a7272, testMethod = testGetAllPersonenByQuery@PersoonDaoHibernateTest, testException = [null], mergedContextConfiguration = [MergedContextConfiguration@36480b2d testClass = PersoonDaoHibernateTest, locations = &apos;{classpath:icarastestdb-context.xml}&apos;, classes = &apos;{}&apos;, contextInitializerClasses = &apos;[]&apos;, activeProfiles = &apos;{}&apos;, contextLoader = &apos;org.springframework.test.context.support.DelegatingSmartContextLoader&apos;, parent = [null]]]; transaction manager [org.springframework.orm.hibernate4.HibernateTransactionManager@68b58644]; rollback [true]
Hibernate: insert into Relatie (gearchiveerd, opmerking, priveRelatie) values (?, ?, ?)
Hibernate: select last_insert_id()
Hibernate: insert into Persoon (achternaam, geboortedatum, tussenvoegsels, voornaam, relatie_Id) values (?, ?, ?, ?, ?)
Hibernate: insert into Relatie (gearchiveerd, opmerking, priveRelatie) values (?, ?, ?)
Hibernate: select last_insert_id()
Hibernate: insert into Persoon (achternaam, geboortedatum, tussenvoegsels, voornaam, relatie_Id) values (?, ?, ?, ?, ?)
Hibernate: select persoon0_.relatie_Id as id1_21_0_, persoon0_1_.gearchiveerd as gearchiv2_21_0_, persoon0_1_.opmerking as opmerkin3_21_0_, persoon0_1_.priveRelatie as priveRel4_21_0_, persoon0_.achternaam as achterna1_18_0_, persoon0_.geboortedatum as geboorte2_18_0_, persoon0_.tussenvoegsels as tussenvo3_18_0_, persoon0_.voornaam as voornaam4_18_0_ from Persoon persoon0_ inner join Relatie persoon0_1_ on persoon0_.relatie_Id=persoon0_1_.id where persoon0_.relatie_Id=?
Hibernate: select persoon0_.relatie_Id as id1_21_0_, persoon0_1_.gearchiveerd as gearchiv2_21_0_, persoon0_1_.opmerking as opmerkin3_21_0_, persoon0_1_.priveRelatie as priveRel4_21_0_, persoon0_.achternaam as achterna1_18_0_, persoon0_.geboortedatum as geboorte2_18_0_, persoon0_.tussenvoegsels as tussenvo3_18_0_, persoon0_.voornaam as voornaam4_18_0_ from Persoon persoon0_ inner join Relatie persoon0_1_ on persoon0_.relatie_Id=persoon0_1_.id where persoon0_.relatie_Id=?
Hibernate: select persoon0_.relatie_Id as id1_21_, persoon0_1_.gearchiveerd as gearchiv2_21_, persoon0_1_.opmerking as opmerkin3_21_, persoon0_1_.priveRelatie as priveRel4_21_, persoon0_.achternaam as achterna1_18_, persoon0_.geboortedatum as geboorte2_18_, persoon0_.tussenvoegsels as tussenvo3_18_, persoon0_.voornaam as voornaam4_18_ from Persoon persoon0_ inner join Relatie persoon0_1_ on persoon0_.relatie_Id=persoon0_1_.id
15:13:40,976  INFO main transaction.TransactionalTestExecutionListener:298 - Rolled back transaction after test execution for test context [DefaultTestContext@517a2b0 testClass = PersoonDaoHibernateTest, testInstance = nl.rsvier.icaras.dao.relatiebeheer.PersoonDaoHibernateTest@127a7272, testMethod = testGetAllPersonenByQuery@PersoonDaoHibernateTest, testException = java.lang.AssertionError, mergedContextConfiguration = [MergedContextConfiguration@36480b2d testClass = PersoonDaoHibernateTest, locations = &apos;{classpath:icarastestdb-context.xml}&apos;, classes = &apos;{}&apos;, contextInitializerClasses = &apos;[]&apos;, activeProfiles = &apos;{}&apos;, contextLoader = &apos;org.springframework.test.context.support.DelegatingSmartContextLoader&apos;, parent = [null]]]
</system-out>
  </testcase>
  <testcase classname="nl.rsvier.icaras.dao.relatiebeheer.PersoonDaoHibernateTest" name="testUpdatePersoon" time="0.09"/>
  <testcase classname="nl.rsvier.icaras.dao.relatiebeheer.PersoonDaoHibernateTest" name="testSaveEnGetPersoon" time="0.05"/>
  <testcase classname="nl.rsvier.icaras.dao.relatiebeheer.PersoonDaoHibernateTest" name="testDeletePersoon" time="0.56"/>
</testsuite>