<?xml version="1.0" encoding="UTF-8" ?>
<testsuite tests="10" failures="0" name="nl.rsvier.icaras.service.relatiebeheer.PersoonOrganisatieServiceTest" time="138.177" errors="1" skipped="0">
  <properties>
[...]
</properties>
  <testcase classname="nl.rsvier.icaras.service.relatiebeheer.PersoonOrganisatieServiceTest" name="testGetAllAanTeBiedenOrganisaties" time="0.03">
    <error message="JDBC exception on Hibernate data access: SQLException for SQL [n/a]; SQL state [HY000]; error code [1364]; could not execute statement; nested exception is org.hibernate.exception.GenericJDBCException: could not execute statement" type="org.springframework.orm.hibernate4.HibernateJdbcException">org.springframework.orm.hibernate4.HibernateJdbcException: JDBC exception on Hibernate data access: SQLException for SQL [n/a]; SQL state [HY000]; error code [1364]; could not execute statement; nested exception is org.hibernate.exception.GenericJDBCException: could not execute statement
	at org.springframework.orm.hibernate4.SessionFactoryUtils.convertHibernateAccessException(SessionFactoryUtils.java:168)
	at org.springframework.orm.hibernate4.HibernateTransactionManager.convertHibernateAccessException(HibernateTransactionManager.java:681)
	at org.springframework.orm.hibernate4.HibernateTransactionManager.doCommit(HibernateTransactionManager.java:563)
	at org.springframework.transaction.support.AbstractPlatformTransactionManager.processCommit(AbstractPlatformTransactionManager.java:757)
	at org.springframework.transaction.support.AbstractPlatformTransactionManager.commit(AbstractPlatformTransactionManager.java:726)
	at org.springframework.transaction.interceptor.TransactionAspectSupport.commitTransactionAfterReturning(TransactionAspectSupport.java:478)
	at org.springframework.transaction.interceptor.TransactionAspectSupport.invokeWithinTransaction(TransactionAspectSupport.java:272)
	at org.springframework.transaction.interceptor.TransactionInterceptor.invoke(TransactionInterceptor.java:95)
	at org.springframework.aop.framework.ReflectiveMethodInvocation.proceed(ReflectiveMethodInvocation.java:179)
	at org.springframework.aop.framework.JdkDynamicAopProxy.invoke(JdkDynamicAopProxy.java:207)
	at com.sun.proxy.$Proxy43.save(Unknown Source)
	at nl.rsvier.icaras.service.relatiebeheer.PersoonOrganisatieServiceTest.setUp(PersoonOrganisatieServiceTest.java:98)
	at sun.reflect.NativeMethodAccessorImpl.invoke0(Native Method)
	at sun.reflect.NativeMethodAccessorImpl.invoke(NativeMethodAccessorImpl.java:62)
	at sun.reflect.DelegatingMethodAccessorImpl.invoke(DelegatingMethodAccessorImpl.java:43)
	at java.lang.reflect.Method.invoke(Method.java:483)
	at org.junit.runners.model.FrameworkMethod$1.runReflectiveCall(FrameworkMethod.java:47)
	at org.junit.internal.runners.model.ReflectiveCallable.run(ReflectiveCallable.java:12)
	at org.junit.runners.model.FrameworkMethod.invokeExplosively(FrameworkMethod.java:44)
	at org.junit.internal.runners.statements.RunBefores.evaluate(RunBefores.java:24)
	at org.springframework.test.context.junit4.statements.RunBeforeTestMethodCallbacks.evaluate(RunBeforeTestMethodCallbacks.java:74)
	at org.springframework.test.context.junit4.statements.RunAfterTestMethodCallbacks.evaluate(RunAfterTestMethodCallbacks.java:83)
	at org.springframework.test.context.junit4.statements.SpringRepeat.evaluate(SpringRepeat.java:72)
	at org.springframework.test.context.junit4.SpringJUnit4ClassRunner.runChild(SpringJUnit4ClassRunner.java:233)
	at org.springframework.test.context.junit4.SpringJUnit4ClassRunner.runChild(SpringJUnit4ClassRunner.java:87)
	at org.junit.runners.ParentRunner$3.run(ParentRunner.java:238)
	at org.junit.runners.ParentRunner$1.schedule(ParentRunner.java:63)
	at org.junit.runners.ParentRunner.runChildren(ParentRunner.java:236)
	at org.junit.runners.ParentRunner.access$000(ParentRunner.java:53)
	at org.junit.runners.ParentRunner$2.evaluate(ParentRunner.java:229)
	at org.springframework.test.context.junit4.statements.RunBeforeTestClassCallbacks.evaluate(RunBeforeTestClassCallbacks.java:61)
	at org.springframework.test.context.junit4.statements.RunAfterTestClassCallbacks.evaluate(RunAfterTestClassCallbacks.java:71)
	at org.junit.runners.ParentRunner.run(ParentRunner.java:309)
	at org.springframework.test.context.junit4.SpringJUnit4ClassRunner.run(SpringJUnit4ClassRunner.java:176)
	at org.apache.maven.surefire.junit4.JUnit4Provider.execute(JUnit4Provider.java:252)
	at org.apache.maven.surefire.junit4.JUnit4Provider.executeTestSet(JUnit4Provider.java:141)
	at org.apache.maven.surefire.junit4.JUnit4Provider.invoke(JUnit4Provider.java:112)
	at sun.reflect.NativeMethodAccessorImpl.invoke0(Native Method)
	at sun.reflect.NativeMethodAccessorImpl.invoke(NativeMethodAccessorImpl.java:62)
	at sun.reflect.DelegatingMethodAccessorImpl.invoke(DelegatingMethodAccessorImpl.java:43)
	at java.lang.reflect.Method.invoke(Method.java:483)
	at org.apache.maven.surefire.util.ReflectionUtils.invokeMethodWithArray(ReflectionUtils.java:189)
	at org.apache.maven.surefire.booter.ProviderFactory$ProviderProxy.invoke(ProviderFactory.java:165)
	at org.apache.maven.surefire.booter.ProviderFactory.invokeProvider(ProviderFactory.java:85)
	at org.apache.maven.surefire.booter.ForkedBooter.runSuitesInProcess(ForkedBooter.java:115)
	at org.apache.maven.surefire.booter.ForkedBooter.main(ForkedBooter.java:75)
Caused by: org.hibernate.exception.GenericJDBCException: could not execute statement
	at org.hibernate.exception.internal.StandardSQLExceptionConverter.convert(StandardSQLExceptionConverter.java:54)
	at org.hibernate.engine.jdbc.spi.SqlExceptionHelper.convert(SqlExceptionHelper.java:126)
	at org.hibernate.engine.jdbc.spi.SqlExceptionHelper.convert(SqlExceptionHelper.java:112)
	at org.hibernate.engine.jdbc.internal.ResultSetReturnImpl.executeUpdate(ResultSetReturnImpl.java:211)
	at org.hibernate.engine.jdbc.batch.internal.NonBatchingBatch.addToBatch(NonBatchingBatch.java:62)
	at org.hibernate.persister.entity.AbstractEntityPersister.insert(AbstractEntityPersister.java:3124)
	at org.hibernate.persister.entity.AbstractEntityPersister.insert(AbstractEntityPersister.java:3581)
	at org.hibernate.action.internal.EntityInsertAction.execute(EntityInsertAction.java:104)
	at org.hibernate.engine.spi.ActionQueue.executeActions(ActionQueue.java:463)
	at org.hibernate.engine.spi.ActionQueue.executeActions(ActionQueue.java:349)
	at org.hibernate.event.internal.AbstractFlushingEventListener.performExecutions(AbstractFlushingEventListener.java:350)
	at org.hibernate.event.internal.DefaultFlushEventListener.onFlush(DefaultFlushEventListener.java:56)
	at org.hibernate.internal.SessionImpl.flush(SessionImpl.java:1222)
	at org.hibernate.internal.SessionImpl.managedFlush(SessionImpl.java:425)
	at org.hibernate.engine.transaction.internal.jdbc.JdbcTransaction.beforeTransactionCommit(JdbcTransaction.java:101)
	at org.hibernate.engine.transaction.spi.AbstractTransactionImpl.commit(AbstractTransactionImpl.java:177)
	at org.springframework.orm.hibernate4.HibernateTransactionManager.doCommit(HibernateTransactionManager.java:555)
	... 43 more
Caused by: java.sql.SQLException: Field &apos;gearchiveerd&apos; doesn&apos;t have a default value
	at com.mysql.jdbc.SQLError.createSQLException(SQLError.java:996)
	at com.mysql.jdbc.MysqlIO.checkErrorPacket(MysqlIO.java:3887)
	at com.mysql.jdbc.MysqlIO.checkErrorPacket(MysqlIO.java:3823)
	at com.mysql.jdbc.MysqlIO.sendCommand(MysqlIO.java:2435)
	at com.mysql.jdbc.MysqlIO.sqlQueryDirect(MysqlIO.java:2582)
	at com.mysql.jdbc.ConnectionImpl.execSQL(ConnectionImpl.java:2530)
	at com.mysql.jdbc.PreparedStatement.executeInternal(PreparedStatement.java:1907)
	at com.mysql.jdbc.PreparedStatement.executeUpdate(PreparedStatement.java:2141)
	at com.mysql.jdbc.PreparedStatement.executeUpdate(PreparedStatement.java:2077)
	at com.mysql.jdbc.PreparedStatement.executeUpdate(PreparedStatement.java:2062)
	at org.hibernate.engine.jdbc.internal.ResultSetReturnImpl.executeUpdate(ResultSetReturnImpl.java:208)
	... 56 more
</error>
    <system-out>Hibernate: insert into Relatie (gearchiveerd, opmerking, priveRelatie) values (?, ?, ?)
Hibernate: select last_insert_id()
Hibernate: insert into Organisatie (naam, relatie_id) values (?, ?)
Hibernate: insert into Bedrijf (isGearchiveerd, opmerking, rolId) values (?, ?, ?)
15:13:42,464  WARN main spi.SqlExceptionHelper:144 - SQL Error: 1364, SQLState: HY000
15:13:42,464 ERROR main spi.SqlExceptionHelper:146 - Field &apos;gearchiveerd&apos; doesn&apos;t have a default value
15:13:42,464  INFO main internal.AbstractBatchImpl:208 - HHH000010: On release of batch it still contained JDBC statements
15:13:42,474  INFO main support.GenericApplicationContext:873 - Closing org.springframework.context.support.GenericApplicationContext@23e028a9: startup date [Tue Feb 17 15:13:12 CET 2015]; root of context hierarchy
</system-out>
  </testcase>
  <testcase classname="nl.rsvier.icaras.service.relatiebeheer.PersoonOrganisatieServiceTest" name="testGetAllMetContactPersoon" time="21.885"/>
  <testcase classname="nl.rsvier.icaras.service.relatiebeheer.PersoonOrganisatieServiceTest" name="testDeleteMetMeerdereOvereenkomsten" time="15.659"/>
  <testcase classname="nl.rsvier.icaras.service.relatiebeheer.PersoonOrganisatieServiceTest" name="testGetAllMetWerknemerEnKandidaat" time="14.326"/>
  <testcase classname="nl.rsvier.icaras.service.relatiebeheer.PersoonOrganisatieServiceTest" name="testDeleteZonderOVereenkomsten" time="14.162"/>
  <testcase classname="nl.rsvier.icaras.service.relatiebeheer.PersoonOrganisatieServiceTest" name="testDeletePersoon" time="12.753"/>
  <testcase classname="nl.rsvier.icaras.service.relatiebeheer.PersoonOrganisatieServiceTest" name="testBefore" time="15.165"/>
  <testcase classname="nl.rsvier.icaras.service.relatiebeheer.PersoonOrganisatieServiceTest" name="testDeleteOrganisatie" time="15.333"/>
  <testcase classname="nl.rsvier.icaras.service.relatiebeheer.PersoonOrganisatieServiceTest" name="testGetAllMetKandidaat" time="12.77"/>
  <testcase classname="nl.rsvier.icaras.service.relatiebeheer.PersoonOrganisatieServiceTest" name="testGetAllMetBedrijfsrol" time="16.094"/>
</testsuite>