<?xml version="1.0" encoding="UTF-8" ?>
<testsuite tests="115" failures="0" name="nl.rsvier.icaras.TestSuiteContainer" time="8.926" errors="0" skipped="0">
  <properties>
[...]
</properties>
  <testcase classname="nl.rsvier.icaras.core.relatiebeheer.AdresTest" name="testMaakPostbus" time="0"/>
  <testcase classname="nl.rsvier.icaras.core.relatiebeheer.AdresTest" name="testMaakStraat" time="0"/>
  <testcase classname="nl.rsvier.icaras.core.relatiebeheer.AdresTest" name="testEquals" time="0"/>
  <testcase classname="nl.rsvier.icaras.core.relatiebeheer.NfaTest" name="testEquals" time="0"/>
  <testcase classname="nl.rsvier.icaras.core.relatiebeheer.CorrespondentieAdresTest" name="addAndRemoveAdresTest" time="0"/>
  <testcase classname="nl.rsvier.icaras.core.relatiebeheer.CorrespondentieAdresTest" name="testRemoveAdres" time="0"/>
  <testcase classname="nl.rsvier.icaras.core.relatiebeheer.PersoonKandidaatCVGeneratorTest" name="nullPersoonTest" time="0"/>
  <testcase classname="nl.rsvier.icaras.core.relatiebeheer.PersoonKandidaatCVGeneratorTest" name="testGetRolByType" time="0"/>
  <testcase classname="nl.rsvier.icaras.core.relatiebeheer.PersoonKandidaatCVGeneratorTest" name="setPersoonTest" time="0"/>
  <testcase classname="nl.rsvier.icaras.core.relatiebeheer.PersoonKandidaatCVGeneratorTest" name="testSetPersoonVanAndereKandidaat" time="0"/>
  <testcase classname="nl.rsvier.icaras.core.relatiebeheer.RelatiebeheerVerbindingsklassenTest" name="testVacatureAanbiedingSucces" time="0"/>
  <testcase classname="nl.rsvier.icaras.core.relatiebeheer.RelatiebeheerVerbindingsklassenTest" name="testAddAndRemoveAanbiedingSucces" time="0"/>
  <testcase classname="nl.rsvier.icaras.core.relatiebeheer.RelatiebeheerVerbindingsklassenTest" name="testAddAndRemoveArbeidsovereenkomstSucces" time="0"/>
  <testcase classname="nl.rsvier.icaras.core.relatiebeheer.RelatiebeheerVerbindingsklassenTest" name="testAddAndRemoveArbeidsovereenkomstFail" time="0"/>
  <testcase classname="nl.rsvier.icaras.core.relatiebeheer.RelatiebeheerVerbindingsklassenTest" name="testVacatureAanbiedingFail" time="0"/>
  <testcase classname="nl.rsvier.icaras.core.relatiebeheer.RelatiebeheerVerbindingsklassenTest" name="testVacatureAanbiedingVerschillendeOrganisaties" time="0"/>
  <testcase classname="nl.rsvier.icaras.core.relatiebeheer.RelatiebeheerVerbindingsklassenTest" name="testDuplicaatAanbiedingConstrueren" time="0"/>
  <testcase classname="nl.rsvier.icaras.core.relatiebeheer.RelatiebeheerVerbindingsklassenTest" name="testAddAndRemoveAanbiedingFail" time="0"/>
  <testcase classname="nl.rsvier.icaras.core.relatiebeheer.OrganisatieTest" name="test_contactpersoonMagWordenToegevoegd" time="0"/>
  <testcase classname="nl.rsvier.icaras.core.relatiebeheer.OrganisatieTest" name="test_hashCode" time="0"/>
  <testcase classname="nl.rsvier.icaras.core.relatiebeheer.OrganisatieTest" name="test_naamMagWordenToegevoegd" time="0"/>
  <testcase classname="nl.rsvier.icaras.core.relatiebeheer.OrganisatieTest" name="test_addRol" time="0"/>
  <testcase classname="nl.rsvier.icaras.core.relatiebeheer.OrganisatieTest" name="test_equals" time="0"/>
  <testcase classname="nl.rsvier.icaras.core.relatiebeheer.OrganisatieTest" name="test_getRol" time="0.001"/>
  <testcase classname="nl.rsvier.icaras.core.relatiebeheer.OrganisatieTest" name="testBidirectioneleRelatie_Organisatie_Contactpersoon" time="0"/>
  <testcase classname="nl.rsvier.icaras.core.relatiebeheer.OrganisatieTest" name="test_heeftRol" time="0"/>
  <testcase classname="nl.rsvier.icaras.core.relatiebeheer.LeverancierTest" name="test_equals" time="0"/>
  <testcase classname="nl.rsvier.icaras.core.relatiebeheer.ContactpersoonTest" name="test_addOrganisatieFail" time="0"/>
  <testcase classname="nl.rsvier.icaras.core.relatiebeheer.ContactpersoonTest" name="test_equals" time="0"/>
  <testcase classname="nl.rsvier.icaras.core.relatiebeheer.ContactpersoonTest" name="test_RemoveOrganisatieFail" time="0"/>
  <testcase classname="nl.rsvier.icaras.core.relatiebeheer.ContactpersoonTest" name="test_organisatieMagWordenToegevoegd" time="0"/>
  <testcase classname="nl.rsvier.icaras.core.relatiebeheer.ContactpersoonTest" name="testBidirectioneleRelatie_Contactpersoon_Organisatie" time="0"/>
  <testcase classname="nl.rsvier.icaras.core.relatiebeheer.LeverancierTest" name="test_equals" time="0"/>
  <testcase classname="nl.rsvier.icaras.core.arbeidsmarkt.AanbiedingTest" name="testConstructorIncorrectBusinessKey_NullPersoon" time="0"/>
  <testcase classname="nl.rsvier.icaras.core.arbeidsmarkt.AanbiedingTest" name="testConstructorSuccess" time="0"/>
  <testcase classname="nl.rsvier.icaras.core.arbeidsmarkt.AanbiedingTest" name="test_hashCode" time="0"/>
  <testcase classname="nl.rsvier.icaras.core.arbeidsmarkt.AanbiedingTest" name="test_removeVacature" time="0"/>
  <testcase classname="nl.rsvier.icaras.core.arbeidsmarkt.AanbiedingTest" name="test_removeAllReferences" time="0"/>
  <testcase classname="nl.rsvier.icaras.core.arbeidsmarkt.AanbiedingTest" name="testAanbiedingConflicterendeOrganisatie" time="0"/>
  <testcase classname="nl.rsvier.icaras.core.arbeidsmarkt.AanbiedingTest" name="test_organisatieConstraint" time="0"/>
  <testcase classname="nl.rsvier.icaras.core.arbeidsmarkt.AanbiedingTest" name="test_setVacatureReferentie" time="0.001"/>
  <testcase classname="nl.rsvier.icaras.core.arbeidsmarkt.AanbiedingTest" name="testEquals" time="0"/>
  <testcase classname="nl.rsvier.icaras.core.arbeidsmarkt.AanbiedingTest" name="test_organisatieMagWordenToegevoegd" time="0"/>
  <testcase classname="nl.rsvier.icaras.core.arbeidsmarkt.AanbiedingTest" name="testConstructorIncorrectBusinessKey_NullOrganisatie" time="0"/>
  <testcase classname="nl.rsvier.icaras.core.arbeidsmarkt.VacatureTest" name="test_omschrijvingMagWordenToegevoegd" time="0"/>
  <testcase classname="nl.rsvier.icaras.core.arbeidsmarkt.VacatureTest" name="testConstructorIncorrectBusinessKey_NullPersoon" time="0"/>
  <testcase classname="nl.rsvier.icaras.core.arbeidsmarkt.VacatureTest" name="test_helperSetUrl" time="0"/>
  <testcase classname="nl.rsvier.icaras.core.arbeidsmarkt.VacatureTest" name="testConstructorSuccess" time="0"/>
  <testcase classname="nl.rsvier.icaras.core.arbeidsmarkt.VacatureTest" name="testConstructorIncorrectBusinessKey_NullOmschrijving" time="0"/>
  <testcase classname="nl.rsvier.icaras.core.arbeidsmarkt.VacatureTest" name="test_hashCode" time="0"/>
  <testcase classname="nl.rsvier.icaras.core.arbeidsmarkt.VacatureTest" name="test_removeAllReferences" time="0"/>
  <testcase classname="nl.rsvier.icaras.core.arbeidsmarkt.VacatureTest" name="test_organisatieConstraint" time="0"/>
  <testcase classname="nl.rsvier.icaras.core.arbeidsmarkt.VacatureTest" name="test_omschrijvingConstraint" time="0"/>
  <testcase classname="nl.rsvier.icaras.core.arbeidsmarkt.VacatureTest" name="testEquals" time="0"/>
  <testcase classname="nl.rsvier.icaras.core.arbeidsmarkt.VacatureTest" name="testConstructorIncorrectBusinessKey_LegeOmschrijving" time="0"/>
  <testcase classname="nl.rsvier.icaras.core.arbeidsmarkt.VacatureTest" name="test_organisatieMagWordenToegevoegd" time="0"/>
  <testcase classname="nl.rsvier.icaras.dao.relatiebeheer.AdresDaoHibernateTest" name="testDeleteAdres" time="0.37"/>
  <testcase classname="nl.rsvier.icaras.dao.relatiebeheer.AdresDaoHibernateTest" name="testSaveEnGetAdres" time="0.024"/>
  <testcase classname="nl.rsvier.icaras.dao.relatiebeheer.AdresDaoHibernateTest" name="updateAdres" time="0.021"/>
  <testcase classname="nl.rsvier.icaras.dao.relatiebeheer.AdresDaoHibernateTest" name="testGetAllAdressen" time="0.022"/>
  <testcase classname="nl.rsvier.icaras.dao.relatiebeheer.NfaDaoHibernateTest" name="testSaveEnGet" time="0.018"/>
  <testcase classname="nl.rsvier.icaras.dao.relatiebeheer.NfaDaoHibernateTest" name="testDelete" time="0.019"/>
  <testcase classname="nl.rsvier.icaras.dao.relatiebeheer.NfaDaoHibernateTest" name="testGetAll" time="0.023"/>
  <testcase classname="nl.rsvier.icaras.dao.relatiebeheer.NfaDaoHibernateTest" name="testUpdate" time="0.02"/>
  <testcase classname="nl.rsvier.icaras.dao.relatiebeheer.OrganisatieDaoHibernateTest" name="test_getById" time="0.031"/>
  <testcase classname="nl.rsvier.icaras.dao.relatiebeheer.OrganisatieDaoHibernateTest" name="test_delete" time="0.034"/>
  <testcase classname="nl.rsvier.icaras.dao.relatiebeheer.OrganisatieDaoHibernateTest" name="test_getAll" time="0.032"/>
  <testcase classname="nl.rsvier.icaras.dao.relatiebeheer.OrganisatieDaoHibernateTest" name="test_saveOrUpdate" time="0.039"/>
  <testcase classname="nl.rsvier.icaras.dao.relatiebeheer.RelatieDaoHibernateTest" name="testSaveEnGet" time="0.024"/>
  <testcase classname="nl.rsvier.icaras.dao.relatiebeheer.RelatieDaoHibernateTest" name="testDelete" time="0.025"/>
  <testcase classname="nl.rsvier.icaras.dao.relatiebeheer.RelatieDaoHibernateTest" name="testGetAll" time="0.023"/>
  <testcase classname="nl.rsvier.icaras.dao.relatiebeheer.RelatieDaoHibernateTest" name="testUpdate" time="0.022"/>
  <testcase classname="nl.rsvier.icaras.dao.relatiebeheer.PersoonsRolDaoHibernateTest" name="test_getById" time="0.087"/>
  <testcase classname="nl.rsvier.icaras.dao.relatiebeheer.PersoonsRolDaoHibernateTest" name="test_delete" time="0.108"/>
  <testcase classname="nl.rsvier.icaras.dao.relatiebeheer.PersoonsRolDaoHibernateTest" name="test_getAll" time="0.026"/>
  <testcase classname="nl.rsvier.icaras.dao.relatiebeheer.PersoonsRolDaoHibernateTest" name="test_saveOrUpdate" time="0.147"/>
  <testcase classname="nl.rsvier.icaras.dao.relatiebeheer.OrganisatieRolDaoHibernateTest" name="test_getById" time="0.084"/>
  <testcase classname="nl.rsvier.icaras.dao.relatiebeheer.OrganisatieRolDaoHibernateTest" name="test_delete" time="0.102"/>
  <testcase classname="nl.rsvier.icaras.dao.relatiebeheer.OrganisatieRolDaoHibernateTest" name="test_getAll" time="0.029"/>
  <testcase classname="nl.rsvier.icaras.dao.relatiebeheer.OrganisatieRolDaoHibernateTest" name="test_saveOrUpdate" time="0.114"/>
  <testcase classname="nl.rsvier.icaras.dao.arbeidsmarkt.AanbiedingDaoHibernateTest" name="testDao_save" time="0.121"/>
  <testcase classname="nl.rsvier.icaras.dao.arbeidsmarkt.AanbiedingDaoHibernateTest" name="testDao_getAll" time="0.161"/>
  <testcase classname="nl.rsvier.icaras.dao.arbeidsmarkt.AanbiedingDaoHibernateTest" name="test_delete" time="0.109"/>
  <testcase classname="nl.rsvier.icaras.dao.arbeidsmarkt.AanbiedingDaoHibernateTest" name="testDao_update" time="0.152"/>
  <testcase classname="nl.rsvier.icaras.dao.arbeidsmarkt.AanbiedingDaoHibernateTest" name="testDao_get" time="0.133"/>
  <testcase classname="nl.rsvier.icaras.dao.arbeidsmarkt.VacatureDaoHibernateTest" name="testGet" time="0.063"/>
  <testcase classname="nl.rsvier.icaras.dao.arbeidsmarkt.VacatureDaoHibernateTest" name="testSave" time="0.068"/>
  <testcase classname="nl.rsvier.icaras.dao.arbeidsmarkt.VacatureDaoHibernateTest" name="test_delete" time="0.065"/>
  <testcase classname="nl.rsvier.icaras.dao.arbeidsmarkt.VacatureDaoHibernateTest" name="testGetAll" time="0.066"/>
  <testcase classname="nl.rsvier.icaras.dao.relatiebeheer.TestDaoAdapterTest" name="testDaoHelper" time="0.029"/>
  <testcase classname="nl.rsvier.icaras.dao.relatiebeheer.TestDaoAdapterTest" name="test2DaoHelpers1Injector" time="0.019"/>
  <testcase classname="nl.rsvier.icaras.dao.relatiebeheer.TestDaoAdapterTest" name="testDaoHelperGetAllGetById" time="0.02"/>
  <testcase classname="nl.rsvier.icaras.service.relatiebeheer.RelatieAdresNfaTest" name="testNullSave" time="0.012"/>
  <testcase classname="nl.rsvier.icaras.service.relatiebeheer.RelatieAdresNfaTest" name="testSaveRelatieMetNullAdressen" time="0.025"/>
  <testcase classname="nl.rsvier.icaras.service.relatiebeheer.RelatieAdresNfaTest" name="testCascadeUpdate" time="0.059"/>
  <testcase classname="nl.rsvier.icaras.service.relatiebeheer.RelatieAdresNfaTest" name="testSaveEnGet" time="0.036"/>
  <testcase classname="nl.rsvier.icaras.service.relatiebeheer.RelatieAdresNfaTest" name="testDelete" time="0.049"/>
  <testcase classname="nl.rsvier.icaras.service.relatiebeheer.RelatieAdresNfaTest" name="testGetAll" time="0.053"/>
  <testcase classname="nl.rsvier.icaras.service.relatiebeheer.RelatieServiceTest" name="testGetByIdMetAdressen" time="0.037"/>
  <testcase classname="nl.rsvier.icaras.service.relatiebeheer.RelatieServiceTest" name="testDeleteAdresVanRelatie" time="0.258"/>
  <testcase classname="nl.rsvier.icaras.service.relatiebeheer.RelatieServiceTest" name="testUpdateVelden" time="0.227"/>
  <testcase classname="nl.rsvier.icaras.service.relatiebeheer.RelatieServiceTest" name="testSaveEnGet" time="0.257"/>
  <testcase classname="nl.rsvier.icaras.service.relatiebeheer.RelatieServiceTest" name="testDelete" time="0.371"/>
  <testcase classname="nl.rsvier.icaras.service.relatiebeheer.RelatieServiceTest" name="testGetAll" time="0.213"/>
  <testcase classname="nl.rsvier.icaras.service.relatiebeheer.RelatieServiceTest" name="testGetAllMetAdres" time="0.217"/>
  <testcase classname="nl.rsvier.icaras.service.relatiebeheer.PersoonOrganisatieServiceTest" name="testGetAllAanTeBiedenOrganisaties" time="1.009"/>
  <testcase classname="nl.rsvier.icaras.service.relatiebeheer.PersoonOrganisatieServiceTest" name="testGetAllMetContactPersoon" time="0.335"/>
  <testcase classname="nl.rsvier.icaras.service.relatiebeheer.PersoonOrganisatieServiceTest" name="testDeleteMetMeerdereOvereenkomsten" time="0.756"/>
  <testcase classname="nl.rsvier.icaras.service.relatiebeheer.PersoonOrganisatieServiceTest" name="testGetAllMetWerknemerEnKandidaat" time="0.351"/>
  <testcase classname="nl.rsvier.icaras.service.relatiebeheer.PersoonOrganisatieServiceTest" name="testDeleteZonderOVereenkomsten" time="0.271"/>
  <testcase classname="nl.rsvier.icaras.service.relatiebeheer.PersoonOrganisatieServiceTest" name="testDeletePersoon" time="0.449"/>
  <testcase classname="nl.rsvier.icaras.service.relatiebeheer.PersoonOrganisatieServiceTest" name="testBefore" time="0.344"/>
  <testcase classname="nl.rsvier.icaras.service.relatiebeheer.PersoonOrganisatieServiceTest" name="testDeleteOrganisatie" time="0.451"/>
  <testcase classname="nl.rsvier.icaras.service.relatiebeheer.PersoonOrganisatieServiceTest" name="testGetAllMetKandidaat" time="0.327"/>
  <testcase classname="nl.rsvier.icaras.service.relatiebeheer.PersoonOrganisatieServiceTest" name="testGetAllMetBedrijfsrol" time="0.367"/>
</testsuite>