<?xml version="1.0" encoding="UTF-8" ?>
<testsuite tests="5" failures="2" name="nl.rsvier.icaras.dao.relatiebeheer.PersoonDaoHibernateTest" time="0.82" errors="0" skipped="0">
  <properties>
    <property name="java.runtime.name" value="Java(TM) SE Runtime Environment"/>
    <property name="sun.boot.library.path" value="C:\java\jdk1.8.0_05\jre\bin"/>
    <property name="java.vm.version" value="25.5-b02"/>
    <property name="java.vm.vendor" value="Oracle Corporation"/>
    <property name="java.vendor.url" value="http://java.oracle.com/"/>
    <property name="path.separator" value=";"/>
    <property name="guice.disable.misplaced.annotation.check" value="true"/>
    <property name="java.vm.name" value="Java HotSpot(TM) 64-Bit Server VM"/>
    <property name="file.encoding.pkg" value="sun.io"/>
    <property name="user.script" value=""/>
    <property name="user.country" value="NL"/>
    <property name="sun.java.launcher" value="SUN_STANDARD"/>
    <property name="sun.os.patch.level" value="Service Pack 1"/>
    <property name="java.vm.specification.name" value="Java Virtual Machine Specification"/>
    <property name="user.dir" value="C:\Users\Remi\Documents\ADMIN\PROJECTEN\icaras"/>
    <property name="java.runtime.version" value="1.8.0_05-b13"/>
    <property name="java.awt.graphicsenv" value="sun.awt.Win32GraphicsEnvironment"/>
    <property name="java.endorsed.dirs" value="C:\java\jdk1.8.0_05\jre\lib\endorsed"/>
    <property name="os.arch" value="amd64"/>
    <property name="java.io.tmpdir" value="C:\Users\Remi\AppData\Local\Temp\"/>
    <property name="line.separator" value="
"/>
    <property name="java.vm.specification.vendor" value="Oracle Corporation"/>
    <property name="user.variant" value=""/>
    <property name="os.name" value="Windows 7"/>
    <property name="classworlds.conf" value="c:\java\maven\bin\..\bin\m2.conf"/>
    <property name="sun.jnu.encoding" value="Cp1252"/>
    <property name="java.library.path" value="C:\java\jdk1.8.0_05\bin;C:\Windows\Sun\Java\bin;C:\Windows\system32;C:\Windows;C:\Android\sdk\tools;C:\Android\sdk\platform-tools;C:\ProgramData\Oracle\Java\javapath;C:\oraclexe\app\oracle\product\11.2.0\server\bin;C:\Program Files (x86)\NVIDIA Corporation\PhysX\Common;C:\Python33\;C:\RailsInstaller\Git\cmd;C:\RailsInstaller\Ruby1.9.3\bin;C:\Ruby200\bin;C:\java\jdk1.8.0_05\bin;C:\Program Files (x86)\PC Connectivity Solution\;C:\Program Files\Common Files\Microsoft Shared\Windows Live;C:\Program Files (x86)\Common Files\Microsoft Shared\Windows Live;C:\Windows\system32;C:\Windows;C:\Windows\System32\Wbem;C:\Windows\System32\WindowsPowerShell\v1.0\;C:\Program Files (x86)\Windows Live\Shared;C:\Program Files\TortoiseSVN\bin;c:\Program Files (x86)\Microsoft SQL Server\100\Tools\Binn\;c:\Program Files\Microsoft SQL Server\100\Tools\Binn\;c:\Program Files\Microsoft SQL Server\100\DTS\Binn\;c:\Program Files (x86)\Microsoft ASP.NET\ASP.NET Web Pages\v1.0\;C:\Program Files\Microsoft SQL Server\110\Tools\Binn\;C:\Program Files (x86)\K-3D 0.8.0.1\bin;C:\Program Files\jEdit;C:\Program Files (x86)\QuickTime\QTSystem\;C:\Program Files\TortoiseGit\bin;C:\Program Files (x86)\Git\cmd;C:\java\gradle-2.0\bin;c:\java\maven\bin;c:\java\ant\bin;c:\jruby\bin;C:\Program Files (x86)\Common Files\Hackety Hack\0.r1529\..;.;;."/>
    <property name="java.specification.name" value="Java Platform API Specification"/>
    <property name="java.class.version" value="52.0"/>
    <property name="sun.management.compiler" value="HotSpot 64-Bit Tiered Compilers"/>
    <property name="os.version" value="6.1"/>
    <property name="user.home" value="C:\Users\Remi"/>
    <property name="user.timezone" value="Europe/Berlin"/>
    <property name="java.awt.printerjob" value="sun.awt.windows.WPrinterJob"/>
    <property name="java.specification.version" value="1.8"/>
    <property name="file.encoding" value="Cp1252"/>
    <property name="user.name" value="Remi"/>
    <property name="java.class.path" value="c:\java\maven\bin\..\boot\plexus-classworlds-2.5.1.jar"/>
    <property name="org.slf4j.simpleLogger.defaultLogLevel" value="info"/>
    <property name="java.vm.specification.version" value="1.8"/>
    <property name="sun.arch.data.model" value="64"/>
    <property name="java.home" value="C:\java\jdk1.8.0_05\jre"/>
    <property name="sun.java.command" value="org.codehaus.plexus.classworlds.launcher.Launcher package"/>
    <property name="java.specification.vendor" value="Oracle Corporation"/>
    <property name="user.language" value="nl"/>
    <property name="awt.toolkit" value="sun.awt.windows.WToolkit"/>
    <property name="java.vm.info" value="mixed mode"/>
    <property name="java.version" value="1.8.0_05"/>
    <property name="java.ext.dirs" value="C:\java\jdk1.8.0_05\jre\lib\ext;C:\Windows\Sun\Java\lib\ext"/>
    <property name="sun.boot.class.path" value="C:\java\jdk1.8.0_05\jre\lib\resources.jar;C:\java\jdk1.8.0_05\jre\lib\rt.jar;C:\java\jdk1.8.0_05\jre\lib\sunrsasign.jar;C:\java\jdk1.8.0_05\jre\lib\jsse.jar;C:\java\jdk1.8.0_05\jre\lib\jce.jar;C:\java\jdk1.8.0_05\jre\lib\charsets.jar;C:\java\jdk1.8.0_05\jre\lib\jfr.jar;C:\java\jdk1.8.0_05\jre\classes"/>
    <property name="sun.stderr.encoding" value="cp850"/>
    <property name="java.vendor" value="Oracle Corporation"/>
    <property name="maven.home" value="c:\java\maven\bin\.."/>
    <property name="file.separator" value="\"/>
    <property name="java.vendor.url.bug" value="http://bugreport.sun.com/bugreport/"/>
    <property name="sun.cpu.endian" value="little"/>
    <property name="sun.io.unicode.encoding" value="UnicodeLittle"/>
    <property name="sun.stdout.encoding" value="cp850"/>
    <property name="sun.desktop" value="windows"/>
    <property name="sun.cpu.isalist" value="amd64"/>
  </properties>
  <testcase classname="nl.rsvier.icaras.dao.relatiebeheer.PersoonDaoHibernateTest" name="testGetAllPersonen" time="0.05">
    <failure type="java.lang.AssertionError">java.lang.AssertionError
	at org.junit.Assert.fail(Assert.java:86)
	at org.junit.Assert.assertTrue(Assert.java:41)
	at org.junit.Assert.assertTrue(Assert.java:52)
	at nl.rsvier.icaras.dao.relatiebeheer.PersoonDaoHibernateTest.testGetAllPersonen(PersoonDaoHibernateTest.java:171)
	at sun.reflect.NativeMethodAccessorImpl.invoke0(Native Method)
	at sun.reflect.NativeMethodAccessorImpl.invoke(NativeMethodAccessorImpl.java:62)
	at sun.reflect.DelegatingMethodAccessorImpl.invoke(DelegatingMethodAccessorImpl.java:43)
	at java.lang.reflect.Method.invoke(Method.java:483)
	at org.junit.runners.model.FrameworkMethod$1.runReflectiveCall(FrameworkMethod.java:47)
	at org.junit.internal.runners.model.ReflectiveCallable.run(ReflectiveCallable.java:12)
	at org.junit.runners.model.FrameworkMethod.invokeExplosively(FrameworkMethod.java:44)
	at org.junit.internal.runners.statements.InvokeMethod.evaluate(InvokeMethod.java:17)
	at org.junit.internal.runners.statements.RunBefores.evaluate(RunBefores.java:26)
	at org.springframework.test.context.junit4.statements.RunBeforeTestMethodCallbacks.evaluate(RunBeforeTestMethodCallbacks.java:74)
	at org.springframework.test.context.junit4.statements.RunAfterTestMethodCallbacks.evaluate(RunAfterTestMethodCallbacks.java:83)
	at org.springframework.test.context.junit4.statements.SpringRepeat.evaluate(SpringRepeat.java:72)
	at org.springframework.test.context.junit4.SpringJUnit4ClassRunner.runChild(SpringJUnit4ClassRunner.java:233)
	at org.springframework.test.context.junit4.SpringJUnit4ClassRunner.runChild(SpringJUnit4ClassRunner.java:87)
	at org.junit.runners.ParentRunner$3.run(ParentRunner.java:238)
	at org.junit.runners.ParentRunner$1.schedule(ParentRunner.java:63)
	at org.junit.runners.ParentRunner.runChildren(ParentRunner.java:236)
	at org.junit.runners.ParentRunner.access$000(ParentRunner.java:53)
	at org.junit.runners.ParentRunner$2.evaluate(ParentRunner.java:229)
	at org.springframework.test.context.junit4.statements.RunBeforeTestClassCallbacks.evaluate(RunBeforeTestClassCallbacks.java:61)
	at org.springframework.test.context.junit4.statements.RunAfterTestClassCallbacks.evaluate(RunAfterTestClassCallbacks.java:71)
	at org.junit.runners.ParentRunner.run(ParentRunner.java:309)
	at org.springframework.test.context.junit4.SpringJUnit4ClassRunner.run(SpringJUnit4ClassRunner.java:176)
	at org.apache.maven.surefire.junit4.JUnit4Provider.execute(JUnit4Provider.java:252)
	at org.apache.maven.surefire.junit4.JUnit4Provider.executeTestSet(JUnit4Provider.java:141)
	at org.apache.maven.surefire.junit4.JUnit4Provider.invoke(JUnit4Provider.java:112)
	at sun.reflect.NativeMethodAccessorImpl.invoke0(Native Method)
	at sun.reflect.NativeMethodAccessorImpl.invoke(NativeMethodAccessorImpl.java:62)
	at sun.reflect.DelegatingMethodAccessorImpl.invoke(DelegatingMethodAccessorImpl.java:43)
	at java.lang.reflect.Method.invoke(Method.java:483)
	at org.apache.maven.surefire.util.ReflectionUtils.invokeMethodWithArray(ReflectionUtils.java:189)
	at org.apache.maven.surefire.booter.ProviderFactory$ProviderProxy.invoke(ProviderFactory.java:165)
	at org.apache.maven.surefire.booter.ProviderFactory.invokeProvider(ProviderFactory.java:85)
	at org.apache.maven.surefire.booter.ForkedBooter.runSuitesInProcess(ForkedBooter.java:115)
	at org.apache.maven.surefire.booter.ForkedBooter.main(ForkedBooter.java:75)
</failure>
    <system-out>15:13:40,759  INFO main transaction.TransactionalTestExecutionListener:276 - Began transaction (1) for test context [DefaultTestContext@517a2b0 testClass = PersoonDaoHibernateTest, testInstance = nl.rsvier.icaras.dao.relatiebeheer.PersoonDaoHibernateTest@53b7ce6, testMethod = testGetAllPersonen@PersoonDaoHibernateTest, testException = [null], mergedContextConfiguration = [MergedContextConfiguration@36480b2d testClass = PersoonDaoHibernateTest, locations = &apos;{classpath:icarastestdb-context.xml}&apos;, classes = &apos;{}&apos;, contextInitializerClasses = &apos;[]&apos;, activeProfiles = &apos;{}&apos;, contextLoader = &apos;org.springframework.test.context.support.DelegatingSmartContextLoader&apos;, parent = [null]]]; transaction manager [org.springframework.orm.hibernate4.HibernateTransactionManager@68b58644]; rollback [true]
Hibernate: insert into Relatie (gearchiveerd, opmerking, priveRelatie) values (?, ?, ?)
Hibernate: select last_insert_id()
Hibernate: insert into Persoon (achternaam, geboortedatum, tussenvoegsels, voornaam, relatie_Id) values (?, ?, ?, ?, ?)
Hibernate: insert into Relatie (gearchiveerd, opmerking, priveRelatie) values (?, ?, ?)
Hibernate: select last_insert_id()
Hibernate: insert into Persoon (achternaam, geboortedatum, tussenvoegsels, voornaam, relatie_Id) values (?, ?, ?, ?, ?)
Hibernate: select persoon0_.relatie_Id as id1_21_0_, persoon0_1_.gearchiveerd as gearchiv2_21_0_, persoon0_1_.opmerking as opmerkin3_21_0_, persoon0_1_.priveRelatie as priveRel4_21_0_, persoon0_.achternaam as achterna1_18_0_, persoon0_.geboortedatum as geboorte2_18_0_, persoon0_.tussenvoegsels as tussenvo3_18_0_, persoon0_.voornaam as voornaam4_18_0_ from Persoon persoon0_ inner join Relatie persoon0_1_ on persoon0_.relatie_Id=persoon0_1_.id where persoon0_.relatie_Id=?
Hibernate: select persoon0_.relatie_Id as id1_21_0_, persoon0_1_.gearchiveerd as gearchiv2_21_0_, persoon0_1_.opmerking as opmerkin3_21_0_, persoon0_1_.priveRelatie as priveRel4_21_0_, persoon0_.achternaam as achterna1_18_0_, persoon0_.geboortedatum as geboorte2_18_0_, persoon0_.tussenvoegsels as tussenvo3_18_0_, persoon0_.voornaam as voornaam4_18_0_ from Persoon persoon0_ inner join Relatie persoon0_1_ on persoon0_.relatie_Id=persoon0_1_.id where persoon0_.relatie_Id=?
Hibernate: select persoon0_.relatie_Id as id1_21_, persoon0_1_.gearchiveerd as gearchiv2_21_, persoon0_1_.opmerking as opmerkin3_21_, persoon0_1_.priveRelatie as priveRel4_21_, persoon0_.achternaam as achterna1_18_, persoon0_.geboortedatum as geboorte2_18_, persoon0_.tussenvoegsels as tussenvo3_18_, persoon0_.voornaam as voornaam4_18_ from Persoon persoon0_ inner join Relatie persoon0_1_ on persoon0_.relatie_Id=persoon0_1_.id
15:13:40,906  INFO main transaction.TransactionalTestExecutionListener:298 - Rolled back transaction after test execution for test context [DefaultTestContext@517a2b0 testClass = PersoonDaoHibernateTest, testInstance = nl.rsvier.icaras.dao.relatiebeheer.PersoonDaoHibernateTest@53b7ce6, testMethod = testGetAllPersonen@PersoonDaoHibernateTest, testException = java.lang.AssertionError, mergedContextConfiguration = [MergedContextConfiguration@36480b2d testClass = PersoonDaoHibernateTest, locations = &apos;{classpath:icarastestdb-context.xml}&apos;, classes = &apos;{}&apos;, contextInitializerClasses = &apos;[]&apos;, activeProfiles = &apos;{}&apos;, contextLoader = &apos;org.springframework.test.context.support.DelegatingSmartContextLoader&apos;, parent = [null]]]
</system-out>
  </testcase>
  <testcase classname="nl.rsvier.icaras.dao.relatiebeheer.PersoonDaoHibernateTest" name="testGetAllPersonenByQuery" time="0.07">
    <failure type="java.lang.AssertionError">java.lang.AssertionError
	at org.junit.Assert.fail(Assert.java:86)
	at org.junit.Assert.assertTrue(Assert.java:41)
	at org.junit.Assert.assertTrue(Assert.java:52)
	at nl.rsvier.icaras.dao.relatiebeheer.PersoonDaoHibernateTest.testGetAllPersonenByQuery(PersoonDaoHibernateTest.java:190)
	at sun.reflect.NativeMethodAccessorImpl.invoke0(Native Method)
	at sun.reflect.NativeMethodAccessorImpl.invoke(NativeMethodAccessorImpl.java:62)
	at sun.reflect.DelegatingMethodAccessorImpl.invoke(DelegatingMethodAccessorImpl.java:43)
	at java.lang.reflect.Method.invoke(Method.java:483)
	at org.junit.runners.model.FrameworkMethod$1.runReflectiveCall(FrameworkMethod.java:47)
	at org.junit.internal.runners.model.ReflectiveCallable.run(ReflectiveCallable.java:12)
	at org.junit.runners.model.FrameworkMethod.invokeExplosively(FrameworkMethod.java:44)
	at org.junit.internal.runners.statements.InvokeMethod.evaluate(InvokeMethod.java:17)
	at org.junit.internal.runners.statements.RunBefores.evaluate(RunBefores.java:26)
	at org.springframework.test.context.junit4.statements.RunBeforeTestMethodCallbacks.evaluate(RunBeforeTestMethodCallbacks.java:74)
	at org.springframework.test.context.junit4.statements.RunAfterTestMethodCallbacks.evaluate(RunAfterTestMethodCallbacks.java:83)
	at org.springframework.test.context.junit4.statements.SpringRepeat.evaluate(SpringRepeat.java:72)
	at org.springframework.test.context.junit4.SpringJUnit4ClassRunner.runChild(SpringJUnit4ClassRunner.java:233)
	at org.springframework.test.context.junit4.SpringJUnit4ClassRunner.runChild(SpringJUnit4ClassRunner.java:87)
	at org.junit.runners.ParentRunner$3.run(ParentRunner.java:238)
	at org.junit.runners.ParentRunner$1.schedule(ParentRunner.java:63)
	at org.junit.runners.ParentRunner.runChildren(ParentRunner.java:236)
	at org.junit.runners.ParentRunner.access$000(ParentRunner.java:53)
	at org.junit.runners.ParentRunner$2.evaluate(ParentRunner.java:229)
	at org.springframework.test.context.junit4.statements.RunBeforeTestClassCallbacks.evaluate(RunBeforeTestClassCallbacks.java:61)
	at org.springframework.test.context.junit4.statements.RunAfterTestClassCallbacks.evaluate(RunAfterTestClassCallbacks.java:71)
	at org.junit.runners.ParentRunner.run(ParentRunner.java:309)
	at org.springframework.test.context.junit4.SpringJUnit4ClassRunner.run(SpringJUnit4ClassRunner.java:176)
	at org.apache.maven.surefire.junit4.JUnit4Provider.execute(JUnit4Provider.java:252)
	at org.apache.maven.surefire.junit4.JUnit4Provider.executeTestSet(JUnit4Provider.java:141)
	at org.apache.maven.surefire.junit4.JUnit4Provider.invoke(JUnit4Provider.java:112)
	at sun.reflect.NativeMethodAccessorImpl.invoke0(Native Method)
	at sun.reflect.NativeMethodAccessorImpl.invoke(NativeMethodAccessorImpl.java:62)
	at sun.reflect.DelegatingMethodAccessorImpl.invoke(DelegatingMethodAccessorImpl.java:43)
	at java.lang.reflect.Method.invoke(Method.java:483)
	at org.apache.maven.surefire.util.ReflectionUtils.invokeMethodWithArray(ReflectionUtils.java:189)
	at org.apache.maven.surefire.booter.ProviderFactory$ProviderProxy.invoke(ProviderFactory.java:165)
	at org.apache.maven.surefire.booter.ProviderFactory.invokeProvider(ProviderFactory.java:85)
	at org.apache.maven.surefire.booter.ForkedBooter.runSuitesInProcess(ForkedBooter.java:115)
	at org.apache.maven.surefire.booter.ForkedBooter.main(ForkedBooter.java:75)
</failure>
    <system-out>15:13:40,926  INFO main transaction.TransactionalTestExecutionListener:276 - Began transaction (2) for test context [DefaultTestContext@517a2b0 testClass = PersoonDaoHibernateTest, testInstance = nl.rsvier.icaras.dao.relatiebeheer.PersoonDaoHibernateTest@127a7272, testMethod = testGetAllPersonenByQuery@PersoonDaoHibernateTest, testException = [null], mergedContextConfiguration = [MergedContextConfiguration@36480b2d testClass = PersoonDaoHibernateTest, locations = &apos;{classpath:icarastestdb-context.xml}&apos;, classes = &apos;{}&apos;, contextInitializerClasses = &apos;[]&apos;, activeProfiles = &apos;{}&apos;, contextLoader = &apos;org.springframework.test.context.support.DelegatingSmartContextLoader&apos;, parent = [null]]]; transaction manager [org.springframework.orm.hibernate4.HibernateTransactionManager@68b58644]; rollback [true]
Hibernate: insert into Relatie (gearchiveerd, opmerking, priveRelatie) values (?, ?, ?)
Hibernate: select last_insert_id()
Hibernate: insert into Persoon (achternaam, geboortedatum, tussenvoegsels, voornaam, relatie_Id) values (?, ?, ?, ?, ?)
Hibernate: insert into Relatie (gearchiveerd, opmerking, priveRelatie) values (?, ?, ?)
Hibernate: select last_insert_id()
Hibernate: insert into Persoon (achternaam, geboortedatum, tussenvoegsels, voornaam, relatie_Id) values (?, ?, ?, ?, ?)
Hibernate: select persoon0_.relatie_Id as id1_21_0_, persoon0_1_.gearchiveerd as gearchiv2_21_0_, persoon0_1_.opmerking as opmerkin3_21_0_, persoon0_1_.priveRelatie as priveRel4_21_0_, persoon0_.achternaam as achterna1_18_0_, persoon0_.geboortedatum as geboorte2_18_0_, persoon0_.tussenvoegsels as tussenvo3_18_0_, persoon0_.voornaam as voornaam4_18_0_ from Persoon persoon0_ inner join Relatie persoon0_1_ on persoon0_.relatie_Id=persoon0_1_.id where persoon0_.relatie_Id=?
Hibernate: select persoon0_.relatie_Id as id1_21_0_, persoon0_1_.gearchiveerd as gearchiv2_21_0_, persoon0_1_.opmerking as opmerkin3_21_0_, persoon0_1_.priveRelatie as priveRel4_21_0_, persoon0_.achternaam as achterna1_18_0_, persoon0_.geboortedatum as geboorte2_18_0_, persoon0_.tussenvoegsels as tussenvo3_18_0_, persoon0_.voornaam as voornaam4_18_0_ from Persoon persoon0_ inner join Relatie persoon0_1_ on persoon0_.relatie_Id=persoon0_1_.id where persoon0_.relatie_Id=?
Hibernate: select persoon0_.relatie_Id as id1_21_, persoon0_1_.gearchiveerd as gearchiv2_21_, persoon0_1_.opmerking as opmerkin3_21_, persoon0_1_.priveRelatie as priveRel4_21_, persoon0_.achternaam as achterna1_18_, persoon0_.geboortedatum as geboorte2_18_, persoon0_.tussenvoegsels as tussenvo3_18_, persoon0_.voornaam as voornaam4_18_ from Persoon persoon0_ inner join Relatie persoon0_1_ on persoon0_.relatie_Id=persoon0_1_.id
15:13:40,976  INFO main transaction.TransactionalTestExecutionListener:298 - Rolled back transaction after test execution for test context [DefaultTestContext@517a2b0 testClass = PersoonDaoHibernateTest, testInstance = nl.rsvier.icaras.dao.relatiebeheer.PersoonDaoHibernateTest@127a7272, testMethod = testGetAllPersonenByQuery@PersoonDaoHibernateTest, testException = java.lang.AssertionError, mergedContextConfiguration = [MergedContextConfiguration@36480b2d testClass = PersoonDaoHibernateTest, locations = &apos;{classpath:icarastestdb-context.xml}&apos;, classes = &apos;{}&apos;, contextInitializerClasses = &apos;[]&apos;, activeProfiles = &apos;{}&apos;, contextLoader = &apos;org.springframework.test.context.support.DelegatingSmartContextLoader&apos;, parent = [null]]]
</system-out>
  </testcase>
  <testcase classname="nl.rsvier.icaras.dao.relatiebeheer.PersoonDaoHibernateTest" name="testUpdatePersoon" time="0.09"/>
  <testcase classname="nl.rsvier.icaras.dao.relatiebeheer.PersoonDaoHibernateTest" name="testSaveEnGetPersoon" time="0.05"/>
  <testcase classname="nl.rsvier.icaras.dao.relatiebeheer.PersoonDaoHibernateTest" name="testDeletePersoon" time="0.56"/>
</testsuite>