<?xml version="1.0" encoding="UTF-8" ?>
<testsuite tests="4" failures="0" name="nl.rsvier.icaras.dao.relatiebeheer.NfaDaoHibernateTest" time="0.229" errors="0" skipped="0">
  <properties>
[...]
</properties>
  <testcase classname="nl.rsvier.icaras.dao.relatiebeheer.NfaDaoHibernateTest" name="testSaveEnGet" time="0.066"/>
  <testcase classname="nl.rsvier.icaras.dao.relatiebeheer.NfaDaoHibernateTest" name="testDelete" time="0.062"/>
  <testcase classname="nl.rsvier.icaras.dao.relatiebeheer.NfaDaoHibernateTest" name="testGetAll" time="0.076"/>
  <testcase classname="nl.rsvier.icaras.dao.relatiebeheer.NfaDaoHibernateTest" name="testUpdate" time="0.025"/>
</testsuite>