<?xml version="1.0" encoding="UTF-8" ?>
<testsuite tests="115" failures="0" name="nl.rsvier.icaras.TestSuiteContainer" time="305.264" errors="0" skipped="0">
  <properties>
[...]
</properties>
  <testcase classname="nl.rsvier.icaras.core.relatiebeheer.AdresTest" name="testMaakPostbus" time="0"/>
  <testcase classname="nl.rsvier.icaras.core.relatiebeheer.AdresTest" name="testMaakStraat" time="0"/>
  <testcase classname="nl.rsvier.icaras.core.relatiebeheer.AdresTest" name="testEquals" time="0"/>
  <testcase classname="nl.rsvier.icaras.core.relatiebeheer.NfaTest" name="testEquals" time="0"/>
  <testcase classname="nl.rsvier.icaras.core.relatiebeheer.CorrespondentieAdresTest" name="addAndRemoveAdresTest" time="0"/>
  <testcase classname="nl.rsvier.icaras.core.relatiebeheer.CorrespondentieAdresTest" name="testRemoveAdres" time="0"/>
  <testcase classname="nl.rsvier.icaras.core.relatiebeheer.PersoonKandidaatCVGeneratorTest" name="nullPersoonTest" time="0"/>
  <testcase classname="nl.rsvier.icaras.core.relatiebeheer.PersoonKandidaatCVGeneratorTest" name="testGetRolByType" time="0"/>
  <testcase classname="nl.rsvier.icaras.core.relatiebeheer.PersoonKandidaatCVGeneratorTest" name="setPersoonTest" time="0"/>
  <testcase classname="nl.rsvier.icaras.core.relatiebeheer.PersoonKandidaatCVGeneratorTest" name="testSetPersoonVanAndereKandidaat" time="0"/>
  <testcase classname="nl.rsvier.icaras.core.relatiebeheer.RelatiebeheerVerbindingsklassenTest" name="testVacatureAanbiedingSucces" time="0"/>
  <testcase classname="nl.rsvier.icaras.core.relatiebeheer.RelatiebeheerVerbindingsklassenTest" name="testAddAndRemoveAanbiedingSucces" time="0"/>
  <testcase classname="nl.rsvier.icaras.core.relatiebeheer.RelatiebeheerVerbindingsklassenTest" name="testAddAndRemoveArbeidsovereenkomstSucces" time="0"/>
  <testcase classname="nl.rsvier.icaras.core.relatiebeheer.RelatiebeheerVerbindingsklassenTest" name="testAddAndRemoveArbeidsovereenkomstFail" time="0"/>
  <testcase classname="nl.rsvier.icaras.core.relatiebeheer.RelatiebeheerVerbindingsklassenTest" name="testVacatureAanbiedingFail" time="0"/>
  <testcase classname="nl.rsvier.icaras.core.relatiebeheer.RelatiebeheerVerbindingsklassenTest" name="testVacatureAanbiedingVerschillendeOrganisaties" time="0"/>
  <testcase classname="nl.rsvier.icaras.core.relatiebeheer.RelatiebeheerVerbindingsklassenTest" name="testDuplicaatAanbiedingConstrueren" time="0"/>
  <testcase classname="nl.rsvier.icaras.core.relatiebeheer.RelatiebeheerVerbindingsklassenTest" name="testAddAndRemoveAanbiedingFail" time="0"/>
  <testcase classname="nl.rsvier.icaras.core.relatiebeheer.OrganisatieTest" name="test_contactpersoonMagWordenToegevoegd" time="0"/>
  <testcase classname="nl.rsvier.icaras.core.relatiebeheer.OrganisatieTest" name="test_hashCode" time="0"/>
  <testcase classname="nl.rsvier.icaras.core.relatiebeheer.OrganisatieTest" name="test_naamMagWordenToegevoegd" time="0"/>
  <testcase classname="nl.rsvier.icaras.core.relatiebeheer.OrganisatieTest" name="test_addRol" time="0"/>
  <testcase classname="nl.rsvier.icaras.core.relatiebeheer.OrganisatieTest" name="test_equals" time="0"/>
  <testcase classname="nl.rsvier.icaras.core.relatiebeheer.OrganisatieTest" name="test_getRol" time="0"/>
  <testcase classname="nl.rsvier.icaras.core.relatiebeheer.OrganisatieTest" name="testBidirectioneleRelatie_Organisatie_Contactpersoon" time="0"/>
  <testcase classname="nl.rsvier.icaras.core.relatiebeheer.OrganisatieTest" name="test_heeftRol" time="0"/>
  <testcase classname="nl.rsvier.icaras.core.relatiebeheer.LeverancierTest" name="test_equals" time="0"/>
  <testcase classname="nl.rsvier.icaras.core.relatiebeheer.ContactpersoonTest" name="test_addOrganisatieFail" time="0"/>
  <testcase classname="nl.rsvier.icaras.core.relatiebeheer.ContactpersoonTest" name="test_equals" time="0"/>
  <testcase classname="nl.rsvier.icaras.core.relatiebeheer.ContactpersoonTest" name="test_RemoveOrganisatieFail" time="0"/>
  <testcase classname="nl.rsvier.icaras.core.relatiebeheer.ContactpersoonTest" name="test_organisatieMagWordenToegevoegd" time="0"/>
  <testcase classname="nl.rsvier.icaras.core.relatiebeheer.ContactpersoonTest" name="testBidirectioneleRelatie_Contactpersoon_Organisatie" time="0"/>
  <testcase classname="nl.rsvier.icaras.core.relatiebeheer.LeverancierTest" name="test_equals" time="0"/>
  <testcase classname="nl.rsvier.icaras.core.arbeidsmarkt.AanbiedingTest" name="testConstructorIncorrectBusinessKey_NullPersoon" time="0"/>
  <testcase classname="nl.rsvier.icaras.core.arbeidsmarkt.AanbiedingTest" name="testConstructorSuccess" time="0"/>
  <testcase classname="nl.rsvier.icaras.core.arbeidsmarkt.AanbiedingTest" name="test_hashCode" time="0"/>
  <testcase classname="nl.rsvier.icaras.core.arbeidsmarkt.AanbiedingTest" name="test_removeVacature" time="0"/>
  <testcase classname="nl.rsvier.icaras.core.arbeidsmarkt.AanbiedingTest" name="test_removeAllReferences" time="0"/>
  <testcase classname="nl.rsvier.icaras.core.arbeidsmarkt.AanbiedingTest" name="testAanbiedingConflicterendeOrganisatie" time="0"/>
  <testcase classname="nl.rsvier.icaras.core.arbeidsmarkt.AanbiedingTest" name="test_organisatieConstraint" time="0"/>
  <testcase classname="nl.rsvier.icaras.core.arbeidsmarkt.AanbiedingTest" name="test_setVacatureReferentie" time="0"/>
  <testcase classname="nl.rsvier.icaras.core.arbeidsmarkt.AanbiedingTest" name="testEquals" time="0"/>
  <testcase classname="nl.rsvier.icaras.core.arbeidsmarkt.AanbiedingTest" name="test_organisatieMagWordenToegevoegd" time="0"/>
  <testcase classname="nl.rsvier.icaras.core.arbeidsmarkt.AanbiedingTest" name="testConstructorIncorrectBusinessKey_NullOrganisatie" time="0"/>
  <testcase classname="nl.rsvier.icaras.core.arbeidsmarkt.VacatureTest" name="test_omschrijvingMagWordenToegevoegd" time="0"/>
  <testcase classname="nl.rsvier.icaras.core.arbeidsmarkt.VacatureTest" name="testConstructorIncorrectBusinessKey_NullPersoon" time="0"/>
  <testcase classname="nl.rsvier.icaras.core.arbeidsmarkt.VacatureTest" name="test_helperSetUrl" time="0"/>
  <testcase classname="nl.rsvier.icaras.core.arbeidsmarkt.VacatureTest" name="testConstructorSuccess" time="0"/>
  <testcase classname="nl.rsvier.icaras.core.arbeidsmarkt.VacatureTest" name="testConstructorIncorrectBusinessKey_NullOmschrijving" time="0"/>
  <testcase classname="nl.rsvier.icaras.core.arbeidsmarkt.VacatureTest" name="test_hashCode" time="0"/>
  <testcase classname="nl.rsvier.icaras.core.arbeidsmarkt.VacatureTest" name="test_removeAllReferences" time="0"/>
  <testcase classname="nl.rsvier.icaras.core.arbeidsmarkt.VacatureTest" name="test_organisatieConstraint" time="0"/>
  <testcase classname="nl.rsvier.icaras.core.arbeidsmarkt.VacatureTest" name="test_omschrijvingConstraint" time="0"/>
  <testcase classname="nl.rsvier.icaras.core.arbeidsmarkt.VacatureTest" name="testEquals" time="0"/>
  <testcase classname="nl.rsvier.icaras.core.arbeidsmarkt.VacatureTest" name="testConstructorIncorrectBusinessKey_LegeOmschrijving" time="0"/>
  <testcase classname="nl.rsvier.icaras.core.arbeidsmarkt.VacatureTest" name="test_organisatieMagWordenToegevoegd" time="0"/>
  <testcase classname="nl.rsvier.icaras.dao.relatiebeheer.AdresDaoHibernateTest" name="testDeleteAdres" time="25.548"/>
  <testcase classname="nl.rsvier.icaras.dao.relatiebeheer.AdresDaoHibernateTest" name="testSaveEnGetAdres" time="0.03"/>
  <testcase classname="nl.rsvier.icaras.dao.relatiebeheer.AdresDaoHibernateTest" name="updateAdres" time="0.01"/>
  <testcase classname="nl.rsvier.icaras.dao.relatiebeheer.AdresDaoHibernateTest" name="testGetAllAdressen" time="0.02"/>
  <testcase classname="nl.rsvier.icaras.dao.relatiebeheer.NfaDaoHibernateTest" name="testSaveEnGet" time="0.1"/>
  <testcase classname="nl.rsvier.icaras.dao.relatiebeheer.NfaDaoHibernateTest" name="testDelete" time="0.01"/>
  <testcase classname="nl.rsvier.icaras.dao.relatiebeheer.NfaDaoHibernateTest" name="testGetAll" time="0.03"/>
  <testcase classname="nl.rsvier.icaras.dao.relatiebeheer.NfaDaoHibernateTest" name="testUpdate" time="0.04"/>
  <testcase classname="nl.rsvier.icaras.dao.relatiebeheer.OrganisatieDaoHibernateTest" name="test_getById" time="0.35"/>
  <testcase classname="nl.rsvier.icaras.dao.relatiebeheer.OrganisatieDaoHibernateTest" name="test_delete" time="0.26"/>
  <testcase classname="nl.rsvier.icaras.dao.relatiebeheer.OrganisatieDaoHibernateTest" name="test_getAll" time="0.07"/>
  <testcase classname="nl.rsvier.icaras.dao.relatiebeheer.OrganisatieDaoHibernateTest" name="test_saveOrUpdate" time="0.04"/>
  <testcase classname="nl.rsvier.icaras.dao.relatiebeheer.RelatieDaoHibernateTest" name="testSaveEnGet" time="0.05"/>
  <testcase classname="nl.rsvier.icaras.dao.relatiebeheer.RelatieDaoHibernateTest" name="testDelete" time="0.26"/>
  <testcase classname="nl.rsvier.icaras.dao.relatiebeheer.RelatieDaoHibernateTest" name="testGetAll" time="0.05"/>
  <testcase classname="nl.rsvier.icaras.dao.relatiebeheer.RelatieDaoHibernateTest" name="testUpdate" time="0.11"/>
  <testcase classname="nl.rsvier.icaras.dao.relatiebeheer.PersoonsRolDaoHibernateTest" name="test_getById" time="0.42"/>
  <testcase classname="nl.rsvier.icaras.dao.relatiebeheer.PersoonsRolDaoHibernateTest" name="test_delete" time="0.17"/>
  <testcase classname="nl.rsvier.icaras.dao.relatiebeheer.PersoonsRolDaoHibernateTest" name="test_getAll" time="0.06"/>
  <testcase classname="nl.rsvier.icaras.dao.relatiebeheer.PersoonsRolDaoHibernateTest" name="test_saveOrUpdate" time="0.152"/>
  <testcase classname="nl.rsvier.icaras.dao.relatiebeheer.OrganisatieRolDaoHibernateTest" name="test_getById" time="0.64"/>
  <testcase classname="nl.rsvier.icaras.dao.relatiebeheer.OrganisatieRolDaoHibernateTest" name="test_delete" time="0.1"/>
  <testcase classname="nl.rsvier.icaras.dao.relatiebeheer.OrganisatieRolDaoHibernateTest" name="test_getAll" time="0.05"/>
  <testcase classname="nl.rsvier.icaras.dao.relatiebeheer.OrganisatieRolDaoHibernateTest" name="test_saveOrUpdate" time="0.1"/>
  <testcase classname="nl.rsvier.icaras.dao.arbeidsmarkt.AanbiedingDaoHibernateTest" name="testDao_save" time="0.44"/>
  <testcase classname="nl.rsvier.icaras.dao.arbeidsmarkt.AanbiedingDaoHibernateTest" name="testDao_getAll" time="0.214"/>
  <testcase classname="nl.rsvier.icaras.dao.arbeidsmarkt.AanbiedingDaoHibernateTest" name="test_delete" time="0.13"/>
  <testcase classname="nl.rsvier.icaras.dao.arbeidsmarkt.AanbiedingDaoHibernateTest" name="testDao_update" time="0.12"/>
  <testcase classname="nl.rsvier.icaras.dao.arbeidsmarkt.AanbiedingDaoHibernateTest" name="testDao_get" time="0.25"/>
  <testcase classname="nl.rsvier.icaras.dao.arbeidsmarkt.VacatureDaoHibernateTest" name="testGet" time="0.08"/>
  <testcase classname="nl.rsvier.icaras.dao.arbeidsmarkt.VacatureDaoHibernateTest" name="testSave" time="0.12"/>
  <testcase classname="nl.rsvier.icaras.dao.arbeidsmarkt.VacatureDaoHibernateTest" name="test_delete" time="0.12"/>
  <testcase classname="nl.rsvier.icaras.dao.arbeidsmarkt.VacatureDaoHibernateTest" name="testGetAll" time="0.132"/>
  <testcase classname="nl.rsvier.icaras.dao.relatiebeheer.TestDaoAdapterTest" name="testDaoHelper" time="0.04"/>
  <testcase classname="nl.rsvier.icaras.dao.relatiebeheer.TestDaoAdapterTest" name="test2DaoHelpers1Injector" time="0.112"/>
  <testcase classname="nl.rsvier.icaras.dao.relatiebeheer.TestDaoAdapterTest" name="testDaoHelperGetAllGetById" time="0.04"/>
  <testcase classname="nl.rsvier.icaras.service.relatiebeheer.RelatieAdresNfaTest" name="testNullSave" time="0.01"/>
  <testcase classname="nl.rsvier.icaras.service.relatiebeheer.RelatieAdresNfaTest" name="testSaveRelatieMetNullAdressen" time="0.15"/>
  <testcase classname="nl.rsvier.icaras.service.relatiebeheer.RelatieAdresNfaTest" name="testCascadeUpdate" time="0.2"/>
  <testcase classname="nl.rsvier.icaras.service.relatiebeheer.RelatieAdresNfaTest" name="testSaveEnGet" time="0.02"/>
  <testcase classname="nl.rsvier.icaras.service.relatiebeheer.RelatieAdresNfaTest" name="testDelete" time="0.06"/>
  <testcase classname="nl.rsvier.icaras.service.relatiebeheer.RelatieAdresNfaTest" name="testGetAll" time="0.03"/>
  <testcase classname="nl.rsvier.icaras.service.relatiebeheer.RelatieServiceTest" name="testGetByIdMetAdressen" time="0.17"/>
  <testcase classname="nl.rsvier.icaras.service.relatiebeheer.RelatieServiceTest" name="testDeleteAdresVanRelatie" time="26.162"/>
  <testcase classname="nl.rsvier.icaras.service.relatiebeheer.RelatieServiceTest" name="testUpdateVelden" time="24.747"/>
  <testcase classname="nl.rsvier.icaras.service.relatiebeheer.RelatieServiceTest" name="testSaveEnGet" time="27.081"/>
  <testcase classname="nl.rsvier.icaras.service.relatiebeheer.RelatieServiceTest" name="testDelete" time="23.643"/>
  <testcase classname="nl.rsvier.icaras.service.relatiebeheer.RelatieServiceTest" name="testGetAll" time="16.421"/>
  <testcase classname="nl.rsvier.icaras.service.relatiebeheer.RelatieServiceTest" name="testGetAllMetAdres" time="17.362"/>
  <testcase classname="nl.rsvier.icaras.service.relatiebeheer.PersoonOrganisatieServiceTest" name="testGetAllAanTeBiedenOrganisaties" time="15.088"/>
  <testcase classname="nl.rsvier.icaras.service.relatiebeheer.PersoonOrganisatieServiceTest" name="testGetAllMetContactPersoon" time="14.544"/>
  <testcase classname="nl.rsvier.icaras.service.relatiebeheer.PersoonOrganisatieServiceTest" name="testDeleteMetMeerdereOvereenkomsten" time="15.656"/>
  <testcase classname="nl.rsvier.icaras.service.relatiebeheer.PersoonOrganisatieServiceTest" name="testGetAllMetWerknemerEnKandidaat" time="13.122"/>
  <testcase classname="nl.rsvier.icaras.service.relatiebeheer.PersoonOrganisatieServiceTest" name="testDeleteZonderOVereenkomsten" time="13.162"/>
  <testcase classname="nl.rsvier.icaras.service.relatiebeheer.PersoonOrganisatieServiceTest" name="testDeletePersoon" time="15.017"/>
  <testcase classname="nl.rsvier.icaras.service.relatiebeheer.PersoonOrganisatieServiceTest" name="testBefore" time="12.969"/>
  <testcase classname="nl.rsvier.icaras.service.relatiebeheer.PersoonOrganisatieServiceTest" name="testDeleteOrganisatie" time="14.063"/>
  <testcase classname="nl.rsvier.icaras.service.relatiebeheer.PersoonOrganisatieServiceTest" name="testGetAllMetKandidaat" time="11.584"/>
  <testcase classname="nl.rsvier.icaras.service.relatiebeheer.PersoonOrganisatieServiceTest" name="testGetAllMetBedrijfsrol" time="13.535"/>
</testsuite>